# JRE version: OpenJDK Runtime Environment Zulu21.40+17-CA (21.0.6+7) (build 21.0.6+7-LTS)
# Java VM: OpenJDK 64-Bit Server VM Zulu21.40+17-CA (21.0.6+7-LTS, mixed mode, sharing, tiered, compressed oops, compressed class ptrs, g1 gc, windows-amd64)
GC Precious Log:
 CardTable entry size: 512
 Card Set container configuration: InlinePtr #cards 4 size 8 Array Of Cards #cards 32 size 80 Howl #buckets 8 coarsen threshold 7372 Howl Bitmap #cards 1024 size 144 coarsen threshold 921 Card regions per heap region 1 cards per card region 8192
 CPUs: 8 total, 8 available
 Memory: 12053M
 Large Page Support: Disabled
 NUMA Support: Disabled
 Compressed Oops: Enabled (Zero based)
 Heap Region Size: 4M
 Heap Min Capacity: 8M
 Heap Initial Capacity: 192M
 Heap Max Capacity: 7040M
 Pre-touch: Disabled
 Parallel Workers: 8
 Concurrent Workers: 2
 Concurrent Refinement Workers: 8
 Periodic GC: Disabled
Heap:
 garbage-first heap   total 1572864K, used 1134844K [0x0000000648000000, 0x0000000800000000)
  region size 4096K, 129 young (528384K), 9 survivors (36864K)
 Metaspace       used 209972K, committed 213120K, reserved 1245184K
  class space    used 36858K, committed 38144K, reserved 1048576K
GC Heap History (20 events):
Event: 36.101 GC heap before
{Heap before GC invocations=61 (full 0):
 garbage-first heap   total 1335296K, used 1247589K [0x0000000648000000, 0x0000000800000000)
  region size 4096K, 155 young (634880K), 3 survivors (12288K)
 Metaspace       used 199361K, committed 202368K, reserved 1245184K
  class space    used 34894K, committed 36096K, reserved 1048576K
}
Event: 36.112 GC heap after
{Heap after GC invocations=62 (full 0):
 garbage-first heap   total 1335296K, used 626669K [0x0000000648000000, 0x0000000800000000)
  region size 4096K, 3 young (12288K), 3 survivors (12288K)
 Metaspace       used 199361K, committed 202368K, reserved 1245184K
  class space    used 34894K, committed 36096K, reserved 1048576K
}
Event: 36.676 GC heap before
{Heap before GC invocations=62 (full 0):
 garbage-first heap   total 1335296K, used 1249261K [0x0000000648000000, 0x0000000800000000)
  region size 4096K, 155 young (634880K), 3 survivors (12288K)
 Metaspace       used 199373K, committed 202432K, reserved 1245184K
  class space    used 34895K, committed 36160K, reserved 1048576K
}
Event: 36.689 GC heap after
{Heap after GC invocations=63 (full 0):
 garbage-first heap   total 1335296K, used 615797K [0x0000000648000000, 0x0000000800000000)
  region size 4096K, 3 young (12288K), 3 survivors (12288K)
 Metaspace       used 199373K, committed 202432K, reserved 1245184K
  class space    used 34895K, committed 36160K, reserved 1048576K
}
Event: 37.421 GC heap before
{Heap before GC invocations=63 (full 0):
 garbage-first heap   total 1335296K, used 1250677K [0x0000000648000000, 0x0000000800000000)
  region size 4096K, 158 young (647168K), 3 survivors (12288K)
 Metaspace       used 199392K, committed 202496K, reserved 1245184K
  class space    used 34895K, committed 36160K, reserved 1048576K
}
Event: 37.432 GC heap after
{Heap after GC invocations=64 (full 0):
 garbage-first heap   total 1335296K, used 617440K [0x0000000648000000, 0x0000000800000000)
  region size 4096K, 4 young (16384K), 4 survivors (16384K)
 Metaspace       used 199392K, committed 202496K, reserved 1245184K
  class space    used 34895K, committed 36160K, reserved 1048576K
}
Event: 38.215 GC heap before
{Heap before GC invocations=65 (full 0):
 garbage-first heap   total 1335296K, used 1244128K [0x0000000648000000, 0x0000000800000000)
  region size 4096K, 157 young (643072K), 4 survivors (16384K)
 Metaspace       used 199417K, committed 202496K, reserved 1245184K
  class space    used 34897K, committed 36160K, reserved 1048576K
}
Event: 38.228 GC heap after
{Heap after GC invocations=66 (full 0):
 garbage-first heap   total 1335296K, used 620019K [0x0000000648000000, 0x0000000800000000)
  region size 4096K, 4 young (16384K), 4 survivors (16384K)
 Metaspace       used 199417K, committed 202496K, reserved 1245184K
  class space    used 34897K, committed 36160K, reserved 1048576K
}
Event: 38.863 GC heap before
{Heap before GC invocations=66 (full 0):
 garbage-first heap   total 1335296K, used 1246707K [0x0000000648000000, 0x0000000800000000)
  region size 4096K, 157 young (643072K), 4 survivors (16384K)
 Metaspace       used 199435K, committed 202496K, reserved 1245184K
  class space    used 34899K, committed 36160K, reserved 1048576K
}
Event: 38.882 GC heap after
{Heap after GC invocations=67 (full 0):
 garbage-first heap   total 1572864K, used 615140K [0x0000000648000000, 0x0000000800000000)
  region size 4096K, 4 young (16384K), 4 survivors (16384K)
 Metaspace       used 199435K, committed 202496K, reserved 1245184K
  class space    used 34899K, committed 36160K, reserved 1048576K
}
Event: 39.758 GC heap before
{Heap before GC invocations=67 (full 0):
 garbage-first heap   total 1572864K, used 1471204K [0x0000000648000000, 0x0000000800000000)
  region size 4096K, 213 young (872448K), 4 survivors (16384K)
 Metaspace       used 199444K, committed 202496K, reserved 1245184K
  class space    used 34900K, committed 36160K, reserved 1048576K
}
Event: 39.772 GC heap after
{Heap after GC invocations=68 (full 0):
 garbage-first heap   total 1572864K, used 616784K [0x0000000648000000, 0x0000000800000000)
  region size 4096K, 5 young (20480K), 5 survivors (20480K)
 Metaspace       used 199444K, committed 202496K, reserved 1245184K
  class space    used 34900K, committed 36160K, reserved 1048576K
}
Event: 40.884 GC heap before
{Heap before GC invocations=68 (full 0):
 garbage-first heap   total 1572864K, used 1464656K [0x0000000648000000, 0x0000000800000000)
  region size 4096K, 212 young (868352K), 5 survivors (20480K)
 Metaspace       used 199464K, committed 202560K, reserved 1245184K
  class space    used 34901K, committed 36160K, reserved 1048576K
}
Event: 40.905 GC heap after
{Heap after GC invocations=69 (full 0):
 garbage-first heap   total 1572864K, used 621033K [0x0000000648000000, 0x0000000800000000)
  region size 4096K, 6 young (24576K), 6 survivors (24576K)
 Metaspace       used 199464K, committed 202560K, reserved 1245184K
  class space    used 34901K, committed 36160K, reserved 1048576K
}
Event: 41.712 GC heap before
{Heap before GC invocations=69 (full 0):
 garbage-first heap   total 1572864K, used 1460713K [0x0000000648000000, 0x0000000800000000)
  region size 4096K, 211 young (864256K), 6 survivors (24576K)
 Metaspace       used 199474K, committed 202560K, reserved 1245184K
  class space    used 34902K, committed 36160K, reserved 1048576K
}
Event: 41.732 GC heap after
{Heap after GC invocations=70 (full 0):
 garbage-first heap   total 1572864K, used 623289K [0x0000000648000000, 0x0000000800000000)
  region size 4096K, 6 young (24576K), 6 survivors (24576K)
 Metaspace       used 199474K, committed 202560K, reserved 1245184K
  class space    used 34902K, committed 36160K, reserved 1048576K
}
Event: 42.733 GC heap before
{Heap before GC invocations=71 (full 0):
 garbage-first heap   total 1572864K, used 1462969K [0x0000000648000000, 0x0000000800000000)
  region size 4096K, 211 young (864256K), 6 survivors (24576K)
 Metaspace       used 199505K, committed 202560K, reserved 1245184K
  class space    used 34906K, committed 36160K, reserved 1048576K
}
Event: 42.755 GC heap after
{Heap after GC invocations=72 (full 0):
 garbage-first heap   total 1572864K, used 625202K [0x0000000648000000, 0x0000000800000000)
  region size 4096K, 7 young (28672K), 7 survivors (28672K)
 Metaspace       used 199505K, committed 202560K, reserved 1245184K
  class space    used 34906K, committed 36160K, reserved 1048576K
}
Event: 45.019 GC heap before
{Heap before GC invocations=72 (full 0):
 garbage-first heap   total 1572864K, used 1485362K [0x0000000648000000, 0x0000000800000000)
  region size 4096K, 210 young (860160K), 7 survivors (28672K)
 Metaspace       used 201964K, committed 205056K, reserved 1245184K
  class space    used 35308K, committed 36544K, reserved 1048576K
}
Event: 45.059 GC heap after
{Heap after GC invocations=73 (full 0):
 garbage-first heap   total 1572864K, used 651516K [0x0000000648000000, 0x0000000800000000)
  region size 4096K, 9 young (36864K), 9 survivors (36864K)
 Metaspace       used 201964K, committed 205056K, reserved 1245184K
  class space    used 35308K, committed 36544K, reserved 1048576K
}

